{"id":1776067136732,"action":"Đã hủy lịch khám BK-1001","user":"PATIENT","date":"2026-04-13T07:58:56.732Z"}
{"id":1776067870560,"action":"Đăng nhập hệ thống (JWT)","user":"Admin Nguyễn B","date":"2026-04-13T08:11:10.560Z"}
{"id":1776068023143,"action":"Đăng nhập hệ thống (JWT)","user":"Admin Nguyễn B","date":"2026-04-13T08:13:43.143Z"}
{"id":1776068180318,"action":"Đăng nhập hệ thống (JWT)","user":"Admin Nguyễn B","date":"2026-04-13T08:16:20.318Z"}
{"id":1776068597167,"action":"Đăng nhập hệ thống (JWT)","user":"Admin Nguyễn B","date":"2026-04-13T08:23:17.167Z"}
{"id":1776068599510,"action":"Cập nhật trạng thái khám [CONFIRMED]","user":"ADMIN","date":"2026-04-13T08:23:19.510Z"}
{"id":1776068600965,"action":"Cập nhật trạng thái khám [ARRIVED]","user":"ADMIN","date":"2026-04-13T08:23:20.965Z"}
{"id":1776068601749,"action":"Cập nhật trạng thái khám [READY]","user":"ADMIN","date":"2026-04-13T08:23:21.749Z"}
{"id":1776068603965,"action":"Cập nhật trạng thái khám [COMPLETED]","user":"ADMIN","date":"2026-04-13T08:23:23.965Z"}
{"id":1776068648642,"action":"Đăng nhập hệ thống (JWT)","user":"Admin Nguyễn B","date":"2026-04-13T08:24:08.642Z"}
{"id":1776068722759,"action":"Đăng nhập hệ thống (JWT)","user":"Admin Nguyễn B","date":"2026-04-13T08:25:22.759Z"}
{"id":1776068751446,"action":"Đăng nhập hệ thống (JWT)","user":"Giám đốc Lê C","date":"2026-04-13T08:25:51.446Z"}
{"id":1776068759438,"action":"Đăng nhập hệ thống (JWT)","user":"BS. Trần Văn Tim","date":"2026-04-13T08:25:59.438Z"}
{"id":1776068782438,"action":"Đăng nhập hệ thống (JWT)","user":"ĐD. Trần Thị A","date":"2026-04-13T08:26:22.438Z"}
{"id":1776068818821,"action":"Đăng nhập hệ thống (JWT)","user":"Admin Nguyễn B","date":"2026-04-13T08:26:58.821Z"}
{"id":1776068823228,"action":"Đăng nhập hệ thống (JWT)","user":"Giám đốc Lê C","date":"2026-04-13T08:27:03.228Z"}
{"id":1776068900253,"action":"Đăng nhập hệ thống (JWT)","user":"Lễ tân Trần D","date":"2026-04-13T08:28:20.253Z"}
{"id":1776068948212,"action":"Đăng nhập hệ thống (JWT)","user":"Admin Nguyễn B","date":"2026-04-13T08:29:08.212Z"}
{"id":1776069315533,"action":"Đăng nhập hệ thống (JWT)","user":"Nguyễn Văn IT","date":"2026-04-13T08:35:15.533Z"}
{"id":1776069876576,"action":"Đăng nhập hệ thống (JWT)","user":"Giám đốc Lê Văn C","date":"2026-04-13T08:44:36.576Z"}
{"id":1776069928461,"action":"Đăng nhập hệ thống (JWT)","user":"Nguyễn Văn IT","date":"2026-04-13T08:45:28.461Z"}
{"id":1776070011667,"action":"Đăng nhập hệ thống (JWT)","user":"Nguyễn Văn IT","date":"2026-04-13T08:46:51.667Z"}
{"id":1776070125707,"action":"Đăng nhập hệ thống (JWT)","user":"Nguyễn Văn IT","date":"2026-04-13T08:48:45.707Z"}
{"id":1776070184297,"action":"Đăng nhập hệ thống (JWT)","user":"Nguyễn Văn IT","date":"2026-04-13T08:49:44.297Z"}
{"id":1776070194459,"action":"Đăng nhập hệ thống (JWT)","user":"BS. Trần Văn Tim","date":"2026-04-13T08:49:54.459Z"}
{"id":1776070202939,"action":"Cập nhật trạng thái khám [CONFIRMED]","user":"DOCTOR","date":"2026-04-13T08:50:02.939Z"}
{"id":1776070203976,"action":"Cập nhật trạng thái khám [ARRIVED]","user":"DOCTOR","date":"2026-04-13T08:50:03.976Z"}
{"id":1776070204833,"action":"Cập nhật trạng thái khám [READY]","user":"DOCTOR","date":"2026-04-13T08:50:04.833Z"}
{"id":1776070212346,"action":"Khám xong & Lưu bệnh án","user":"DOCTOR","date":"2026-04-13T08:50:12.346Z"}
{"id":1776070285417,"action":"Đăng nhập hệ thống (JWT)","user":"BS. Nguyễn Thị Bé","date":"2026-04-13T08:51:25.417Z"}
{"id":1776070795994,"action":"Đăng nhập hệ thống (JWT)","user":"Nguyễn Văn IT","date":"2026-04-13T08:59:55.994Z"}
{"id":1776071437242,"action":"Đăng nhập hệ thống (JWT)","user":"Nguyễn Văn IT","date":"2026-04-13T09:10:37.242Z"}
